[debug] ----------------------------------------------------------------------
[debug] Command:      /usr/local/bin/iojs /usr/local/bin/firebase deploy --project one-time-password-a425c
[debug] CLI Version:  3.6.1
[debug] Platform:     darwin
[debug] Node Version: v6.6.0
[debug] Time:         Mon May 01 2017 15:56:02 GMT-0700 (PDT)
[debug] ----------------------------------------------------------------------
[debug] 
[debug] > command requires scopes: ["email","openid","https://www.googleapis.com/auth/cloudplatformprojects.readonly","https://www.googleapis.com/auth/firebase","https://www.googleapis.com/auth/cloud-platform"]
[debug] >>> HTTP REQUEST GET https://admin.firebase.com/v1/projects/one-time-password-a425c  
 Mon May 01 2017 15:56:02 GMT-0700 (PDT)
[debug] <<< HTTP RESPONSE 200
[debug] >>> HTTP REQUEST GET https://admin.firebase.com/v1/database/one-time-password-a425c/tokens  
 Mon May 01 2017 15:56:05 GMT-0700 (PDT)
[debug] <<< HTTP RESPONSE 200
[info] 
[info] === Deploying to 'one-time-password-a425c'...
[info] 
[info] i  deploying database, functions, hosting
[info] ✔  database: rules ready to deploy.
[debug] > [functions] package.json contents: {
  "name": "functions",
  "description": "Cloud Functions for Firebase",
  "dependencies": {
    "firebase-admin": "~4.1.2",
    "firebase-functions": "^0.5"
  },
  "private": true
}
[info] i  functions: ensuring necessary APIs are enabled...
[info] i  runtimeconfig: ensuring necessary APIs are enabled...
[debug] >>> HTTP REQUEST GET https://servicemanagement.googleapis.com/v1/services/cloudfunctions.googleapis.com/projectSettings/one-time-password-a425c?view=CONSUMER_VIEW  
 Mon May 01 2017 15:56:07 GMT-0700 (PDT)
[debug] >>> HTTP REQUEST GET https://servicemanagement.googleapis.com/v1/services/runtimeconfig.googleapis.com/projectSettings/one-time-password-a425c?view=CONSUMER_VIEW  
 Mon May 01 2017 15:56:07 GMT-0700 (PDT)
[debug] <<< HTTP RESPONSE 200
[info] ✔  runtimeconfig: all necessary APIs are enabled
[debug] <<< HTTP RESPONSE 200
[info] ✔  functions: all necessary APIs are enabled
[debug] >>> HTTP REQUEST GET https://appengine.googleapis.com/v1/apps/one-time-password-a425c  
 Mon May 01 2017 15:56:08 GMT-0700 (PDT)
[debug] >>> HTTP REQUEST GET https://apikeys.googleapis.com/v1/projects/one-time-password-a425c/apiKeys  
 Mon May 01 2017 15:56:08 GMT-0700 (PDT)
[debug] <<< HTTP RESPONSE 200
[debug] <<< HTTP RESPONSE 200
[info] i  functions: preparing functions directory for uploading...
[debug] >>> HTTP REQUEST GET https://runtimeconfig.googleapis.com/v1beta1/projects/one-time-password-a425c/configs  
 Mon May 01 2017 15:56:20 GMT-0700 (PDT)
[debug] <<< HTTP RESPONSE 200
[debug] > [functions] runtime config materialized as: {
  "firebase": {
    "databaseURL": "https://one-time-password-a425c.firebaseio.com",
    "storageBucket": "one-time-password-a425c.appspot.com",
    "apiKey": "AIzaSyD-tbEVwRlNoqxQXdko61x9PDhB8Vi925Q",
    "authDomain": "one-time-password-a425c.firebaseapp.com"
  }
}
[debug] > [functions] parsed triggers: [
  {
    "httpsTrigger": {},
    "name": "helloWorld",
    "entryPoint": "helloWorld"
  }
]
[info] i  functions: packaged functions (865 B) for uploading
[debug] >>> HTTP REQUEST GET https://www.googleapis.com/storage/v1/b/staging.one-time-password-a425c.appspot.com  
 Mon May 01 2017 15:56:27 GMT-0700 (PDT)
[debug] <<< HTTP RESPONSE 200
[debug] >>> HTTP REQUEST POST https://www.googleapis.com/upload/storage/v1/b/staging.one-time-password-a425c.appspot.com/o?uploadType=media&name=firebase-functions-source ReadStream {
  _readableState: 
   ReadableState {
     objectMode: false,
     highWaterMark: 65536,
     buffer: BufferList { head: [Object], tail: [Object], length: 1 },
     length: 865,
     pipes: null,
     pipesCount: 0,
     flowing: null,
     ended: true,
     endEmitted: false,
     reading: false,
     sync: false,
     needReadable: false,
     emittedReadable: true,
     readableListening: false,
     resumeScheduled: false,
     defaultEncoding: 'utf8',
     ranOut: false,
     awaitDrain: 0,
     readingMore: false,
     decoder: null,
     encoding: null },
  readable: true,
  domain: null,
  _events: { end: [Function] },
  _eventsCount: 1,
  _maxListeners: undefined,
  path: '/var/folders/7v/_5dxp1xj7l7g94dg8046qxr80000gn/T/firebase-functions-92527agnzXBL8rQIg.zip',
  fd: 19,
  flags: 'r',
  mode: 438,
  start: undefined,
  end: undefined,
  autoClose: true,
  pos: undefined,
  bytesRead: 865 } 
 Mon May 01 2017 15:56:29 GMT-0700 (PDT)
[debug] <<< HTTP RESPONSE 200
[info] ✔  functions: functions folder uploaded successfully
[info] i  hosting: preparing public directory for upload...
[debug] >>> HTTP REQUEST PUT https://deploy.firebase.com/v1/hosting/one-time-password-a425c/uploads/-Kj5DapTvUhiOE8VQcmL?fileCount=2&message=  
 Mon May 01 2017 15:56:32 GMT-0700 (PDT)
[debug] <<< HTTP RESPONSE 200
[debug] [hosting] .tgz uploaded successfully, waiting for extraction
[info] ✔  hosting: 2 files uploaded successfully
[info] i  starting release process (may take several minutes)...
[debug] >>> HTTP REQUEST GET https://cloudfunctions.googleapis.com/v1beta2/projects/one-time-password-a425c/locations/us-central1/functions  
 Mon May 01 2017 15:56:35 GMT-0700 (PDT)
[debug] <<< HTTP RESPONSE 200
[info] i  functions: creating function helloWorld...
[debug] Trigger is: 
[debug] >>> HTTP REQUEST POST https://cloudfunctions.googleapis.com/v1beta2/projects/one-time-password-a425c/locations/us-central1/functions { sourceArchiveUrl: 'gs://staging.one-time-password-a425c.appspot.com/firebase-functions-source',
  name: 'projects/one-time-password-a425c/locations/us-central1/functions/helloWorld',
  entryPoint: 'helloWorld',
  httpsTrigger: {} } 
 Mon May 01 2017 15:56:36 GMT-0700 (PDT)
[debug] <<< HTTP RESPONSE 200
[debug] >>> HTTP REQUEST GET https://cloudfunctions.googleapis.com/v1beta2/projects/one-time-password-a425c/locations/us-central1/functions  
 Mon May 01 2017 15:56:38 GMT-0700 (PDT)
[debug] >>> HTTP REQUEST GET https://cloudfunctions.googleapis.com/v1beta2/operations/b25lLXRpbWUtcGFzc3dvcmQtYTQyNWMvdXMtY2VudHJhbDEvaGVsbG9Xb3JsZC9FM1FFLWlZaUw0MA  
 Mon May 01 2017 15:56:38 GMT-0700 (PDT)
[debug] <<< HTTP RESPONSE 200
[debug] <<< HTTP RESPONSE 200
[debug] [functions] operation poll: helloWorld: create operations/b25lLXRpbWUtcGFzc3dvcmQtYTQyNWMvdXMtY2VudHJhbDEvaGVsbG9Xb3JsZC9FM1FFLWlZaUw0MA is not done.
[debug] >>> HTTP REQUEST GET https://cloudfunctions.googleapis.com/v1beta2/operations/b25lLXRpbWUtcGFzc3dvcmQtYTQyNWMvdXMtY2VudHJhbDEvaGVsbG9Xb3JsZC9FM1FFLWlZaUw0MA  
 Mon May 01 2017 15:56:44 GMT-0700 (PDT)
[debug] <<< HTTP RESPONSE 200
[debug] [functions] operation poll: helloWorld: create operations/b25lLXRpbWUtcGFzc3dvcmQtYTQyNWMvdXMtY2VudHJhbDEvaGVsbG9Xb3JsZC9FM1FFLWlZaUw0MA is not done.
[debug] >>> HTTP REQUEST GET https://cloudfunctions.googleapis.com/v1beta2/operations/b25lLXRpbWUtcGFzc3dvcmQtYTQyNWMvdXMtY2VudHJhbDEvaGVsbG9Xb3JsZC9FM1FFLWlZaUw0MA  
 Mon May 01 2017 15:56:51 GMT-0700 (PDT)
[debug] <<< HTTP RESPONSE 200
[debug] [functions] operation poll: helloWorld: create operations/b25lLXRpbWUtcGFzc3dvcmQtYTQyNWMvdXMtY2VudHJhbDEvaGVsbG9Xb3JsZC9FM1FFLWlZaUw0MA is not done.
[debug] >>> HTTP REQUEST GET https://cloudfunctions.googleapis.com/v1beta2/operations/b25lLXRpbWUtcGFzc3dvcmQtYTQyNWMvdXMtY2VudHJhbDEvaGVsbG9Xb3JsZC9FM1FFLWlZaUw0MA  
 Mon May 01 2017 15:56:57 GMT-0700 (PDT)
[debug] <<< HTTP RESPONSE 200
[debug] [functions] operation poll: helloWorld: create operations/b25lLXRpbWUtcGFzc3dvcmQtYTQyNWMvdXMtY2VudHJhbDEvaGVsbG9Xb3JsZC9FM1FFLWlZaUw0MA is not done.
[debug] >>> HTTP REQUEST GET https://cloudfunctions.googleapis.com/v1beta2/operations/b25lLXRpbWUtcGFzc3dvcmQtYTQyNWMvdXMtY2VudHJhbDEvaGVsbG9Xb3JsZC9FM1FFLWlZaUw0MA  
 Mon May 01 2017 15:57:02 GMT-0700 (PDT)
[debug] <<< HTTP RESPONSE 200
[debug] [functions] operation poll: helloWorld: create operations/b25lLXRpbWUtcGFzc3dvcmQtYTQyNWMvdXMtY2VudHJhbDEvaGVsbG9Xb3JsZC9FM1FFLWlZaUw0MA is not done.
